<?xml version="1.0" encoding="UTF-8"?>
<!-- Generated by org.testng.reporters.JUnitReportReporter -->
<testsuite hostname="Mahadev" failures="0" tests="2" name="Groupss.TestCase2" time="0.005" errors="0" timestamp="2022-09-25T18:16:27 IST" skipped="0">
  <testcase classname="Groupss.TestCase2" name="Test6" time="0.003"/>
  <system-out/>
  <testcase classname="Groupss.TestCase2" name="Test5" time="0.002"/>
  <system-out/>
</testsuite> <!-- Groupss.TestCase2 -->
