<?xml version="1.0" encoding="UTF-8"?>
<!-- Generated by org.testng.reporters.JUnitReportReporter -->
<testsuite hostname="Mahadev" failures="0" tests="2" name="Groupss.TestCase1" time="0.011" errors="0" timestamp="2022-09-25T18:16:27 IST" skipped="0">
  <testcase classname="Groupss.TestCase1" name="Test2" time="0.008"/>
  <system-out/>
  <testcase classname="Groupss.TestCase1" name="Test3" time="0.003"/>
  <system-out/>
</testsuite> <!-- Groupss.TestCase1 -->
