<?xml version="1.0" encoding="UTF-8"?>
<!-- Generated by org.testng.reporters.JUnitReportReporter -->
<testsuite hostname="Mahadev" failures="0" tests="3" name="Keyword.EnableKey" time="0.013" errors="0" timestamp="2022-10-01T17:31:09 IST" skipped="1">
  <testcase classname="Keyword.EnableKey" name="SettingpageTest" time="0.006"/>
  <system-out/>
  <testcase classname="Keyword.EnableKey" name="Homepagetest" time="0.007"/>
  <system-out/>
  <testcase classname="Keyword.EnableKey" name="NotificatonPageTest">
    <skipped/>
  </testcase> <!-- NotificatonPageTest -->
  <system-out/>
</testsuite> <!-- Keyword.EnableKey -->
