<?xml version="1.0" encoding="UTF-8"?>
<!-- Generated by org.testng.reporters.JUnitReportReporter -->
<testsuite hostname="Mahadev" failures="0" tests="3" name="Introduction.TestCase1" time="0.010" errors="0" timestamp="2022-09-22T13:21:06 IST" skipped="0">
  <testcase classname="Introduction.TestCase1" name="m2" time="0.002"/>
  <system-out/>
  <testcase classname="Introduction.TestCase1" name="m1" time="0.006"/>
  <system-out/>
  <testcase classname="Introduction.TestCase1" name="m3" time="0.002"/>
  <system-out/>
</testsuite> <!-- Introduction.TestCase1 -->
