<?xml version="1.0" encoding="UTF-8"?>
<!-- Generated by org.testng.reporters.JUnitReportReporter -->
<testsuite hostname="Mahadev" failures="0" tests="3" name="Groups.TestCase3" time="0.010" errors="0" timestamp="2022-09-23T15:44:45 IST" skipped="0">
  <testcase classname="Groups.TestCase3" name="Test7" time="0.001"/>
  <system-out/>
  <testcase classname="Groups.TestCase3" name="Test8" time="0.004"/>
  <system-out/>
  <testcase classname="Groups.TestCase3" name="Test9" time="0.005"/>
  <system-out/>
</testsuite> <!-- Groups.TestCase3 -->
