<?xml version="1.0" encoding="UTF-8"?>
<!-- Generated by org.testng.reporters.JUnitReportReporter -->
<testsuite hostname="Mahadev" failures="0" tests="3" name="GR.T1" time="0.014" errors="0" timestamp="2022-09-25T18:21:40 IST" skipped="0">
  <testcase classname="GR.T1" name="Test3" time="0.004"/>
  <system-out/>
  <testcase classname="GR.T1" name="Test1" time="0.009"/>
  <system-out/>
  <testcase classname="GR.T1" name="Test2" time="0.001"/>
  <system-out/>
</testsuite> <!-- GR.T1 -->
