<?xml version="1.0" encoding="UTF-8"?>
<!-- Generated by org.testng.reporters.JUnitReportReporter -->
<testsuite hostname="Mahadev" failures="0" tests="3" name="Groups.TaseCase2" time="0.006" errors="0" timestamp="2022-09-23T15:44:45 IST" skipped="0">
  <testcase classname="Groups.TaseCase2" name="Test4" time="0.002"/>
  <system-out/>
  <testcase classname="Groups.TaseCase2" name="Test6" time="0.002"/>
  <system-out/>
  <testcase classname="Groups.TaseCase2" name="Test5" time="0.002"/>
  <system-out/>
</testsuite> <!-- Groups.TaseCase2 -->
