<?xml version="1.0" encoding="UTF-8"?>
<!-- Generated by org.testng.reporters.JUnitReportReporter -->
<testsuite hostname="Mahadev" failures="0" tests="12" name="Asser.CrossBrowserWithSoftasser" time="21.419" errors="0" timestamp="2022-10-08T18:09:04 IST" skipped="0">
  <testcase classname="Asser.CrossBrowserWithSoftasser" name="CrossBrstesting" time="9.313"/>
  <system-out/>
  <testcase classname="Asser.CrossBrowserWithSoftasser" name="CrossBrstesting" time="11.075"/>
  <system-out/>
  <testcase classname="Asser.CrossBrowserWithSoftasser" name="VerifycurrentURL" time="0.024"/>
  <system-out/>
  <testcase classname="Asser.CrossBrowserWithSoftasser" name="VerifycurrentURL" time="0.018"/>
  <system-out/>
  <testcase classname="Asser.CrossBrowserWithSoftasser" name="VerifypageTitle" time="0.017"/>
  <system-out/>
  <testcase classname="Asser.CrossBrowserWithSoftasser" name="VerifypageTitle" time="0.010"/>
  <system-out/>
  <testcase classname="Asser.CrossBrowserWithSoftasser" name="VerifyUsername" time="0.222"/>
  <system-out/>
  <testcase classname="Asser.CrossBrowserWithSoftasser" name="VerifyUsername" time="0.121"/>
  <system-out/>
  <testcase classname="Asser.CrossBrowserWithSoftasser" name="VerifyPassword" time="0.157"/>
  <system-out/>
  <testcase classname="Asser.CrossBrowserWithSoftasser" name="VerifyPassword" time="0.200"/>
  <system-out/>
  <testcase classname="Asser.CrossBrowserWithSoftasser" name="ClickBtn" time="0.130"/>
  <system-out/>
  <testcase classname="Asser.CrossBrowserWithSoftasser" name="ClickBtn" time="0.132"/>
  <system-out/>
</testsuite> <!-- Asser.CrossBrowserWithSoftasser -->
