<?xml version="1.0" encoding="UTF-8"?>
<!-- Generated by org.testng.reporters.JUnitReportReporter -->
<testsuite hostname="Mahadev" failures="0" tests="3" name="GR.T2" time="0.007" errors="0" timestamp="2022-09-25T18:21:40 IST" skipped="0">
  <testcase classname="GR.T2" name="Test6" time="0.003"/>
  <system-out/>
  <testcase classname="GR.T2" name="Test4" time="0.001"/>
  <system-out/>
  <testcase classname="GR.T2" name="Test5" time="0.003"/>
  <system-out/>
</testsuite> <!-- GR.T2 -->
