<?xml version="1.0" encoding="UTF-8"?>
<!-- Generated by org.testng.reporters.JUnitReportReporter -->
<testsuite hostname="Mahadev" failures="0" tests="3" name="Introduction.TestCase2" time="0.007" errors="0" timestamp="2022-09-22T13:21:06 IST" skipped="0">
  <testcase classname="Introduction.TestCase2" name="m6" time="0.002"/>
  <system-out/>
  <testcase classname="Introduction.TestCase2" name="m5" time="0.004"/>
  <system-out/>
  <testcase classname="Introduction.TestCase2" name="m4" time="0.001"/>
  <system-out/>
</testsuite> <!-- Introduction.TestCase2 -->
