<?xml version="1.0" encoding="UTF-8"?>
<!-- Generated by org.testng.reporters.JUnitReportReporter -->
<testsuite hostname="Mahadev" failures="0" tests="3" name="Introduction.BeforeAfterClass" time="0.010" errors="0" timestamp="2022-09-20T14:26:58 IST" skipped="0">
  <testcase classname="Introduction.BeforeAfterClass" name="notification" time="0.009"/>
  <system-out>
    <![CDATA[notification]]>
  </system-out>
  <testcase classname="Introduction.BeforeAfterClass" name="Homepage" time="0.001"/>
  <system-out>
    <![CDATA[Home page]]>
  </system-out>
  <testcase classname="Introduction.BeforeAfterClass" name="profilepage" time="0.000"/>
  <system-out>
    <![CDATA[profile page]]>
  </system-out>
</testsuite> <!-- Introduction.BeforeAfterClass -->
