<?xml version="1.0" encoding="UTF-8"?>
<!-- Generated by org.testng.reporters.JUnitReportReporter -->
<testsuite hostname="Mahadev" failures="0" tests="3" name="Groupss.TaseCase2" time="0.018" errors="0" timestamp="2022-09-23T15:54:29 IST" skipped="0">
  <testcase classname="Groupss.TaseCase2" name="Test6" time="0.004"/>
  <system-out/>
  <testcase classname="Groupss.TaseCase2" name="Test4" time="0.012"/>
  <system-out/>
  <testcase classname="Groupss.TaseCase2" name="Test5" time="0.002"/>
  <system-out/>
</testsuite> <!-- Groupss.TaseCase2 -->
