<?xml version="1.0" encoding="UTF-8"?>
<!-- Generated by org.testng.reporters.JUnitReportReporter -->
<testsuite hostname="Mahadev" failures="0" tests="6" name="Keyword.InvocationCount" time="0.022" errors="0" timestamp="2022-10-01T17:34:13 IST" skipped="0">
  <testcase classname="Keyword.InvocationCount" name="Homepage" time="0.007"/>
  <system-out/>
  <testcase classname="Keyword.InvocationCount" name="Notificationpage" time="0.004"/>
  <system-out/>
  <testcase classname="Keyword.InvocationCount" name="Notificationpage" time="0.003"/>
  <system-out/>
  <testcase classname="Keyword.InvocationCount" name="Notificationpage" time="0.002"/>
  <system-out/>
  <testcase classname="Keyword.InvocationCount" name="Notificationpage" time="0.003"/>
  <system-out/>
  <testcase classname="Keyword.InvocationCount" name="Notificationpage" time="0.003"/>
  <system-out/>
</testsuite> <!-- Keyword.InvocationCount -->
