<?xml version="1.0" encoding="UTF-8"?>
<!-- Generated by org.testng.reporters.JUnitReportReporter -->
<testsuite hostname="Mahadev" failures="0" tests="3" name="Groups.TestCase1" time="0.027" errors="0" timestamp="2022-09-23T15:44:45 IST" skipped="0">
  <testcase classname="Groups.TestCase1" name="Test3" time="0.010"/>
  <system-out/>
  <testcase classname="Groups.TestCase1" name="Test2" time="0.004"/>
  <system-out/>
  <testcase classname="Groups.TestCase1" name="Test1" time="0.013"/>
  <system-out/>
</testsuite> <!-- Groups.TestCase1 -->
