<?xml version="1.0" encoding="UTF-8"?>
<!-- Generated by org.testng.reporters.JUnitReportReporter -->
<testsuite hostname="Mahadev" failures="0" tests="3" name="GR.T3" time="0.004" errors="0" timestamp="2022-09-25T18:21:40 IST" skipped="0">
  <testcase classname="GR.T3" name="Test7" time="0.001"/>
  <system-out/>
  <testcase classname="GR.T3" name="Test8" time="0.002"/>
  <system-out/>
  <testcase classname="GR.T3" name="Test9" time="0.001"/>
  <system-out/>
</testsuite> <!-- GR.T3 -->
