<?xml version="1.0" encoding="UTF-8"?>
<!-- Generated by org.testng.reporters.JUnitReportReporter -->
<testsuite hostname="Mahadev" failures="0" tests="1" name="POM.Login_Page_Test" time="0.974" errors="0" timestamp="2022-10-07T17:43:42 IST" skipped="0">
  <testcase classname="POM.Login_Page_Test" name="FacebookLoginPageTest" time="0.974"/>
  <system-out>
    <![CDATA[VerifyfbLogin_Pagelogo
VerifyLogin_PageTagline
VerifyLogin_PageForgetPassword
VerifyLogin_PageCreateNewAccount
VerifyfbLoginPageFooterlinksize
SetLogin_PageUsername
SetLogin_PagePassword
ClickLogin_PageLoginBtn]]>
  </system-out>
</testsuite> <!-- POM.Login_Page_Test -->
