<?xml version="1.0" encoding="UTF-8"?>
<!-- Generated by org.testng.reporters.JUnitReportReporter -->
<testsuite hostname="Mahadev" failures="0" tests="3" name="PackageSuitAnnotation.TestCase2" time="0.016" errors="0" timestamp="2022-10-01T17:37:44 IST" skipped="0">
  <testcase classname="PackageSuitAnnotation.TestCase2" name="m6" time="0.006"/>
  <system-out/>
  <testcase classname="PackageSuitAnnotation.TestCase2" name="m4" time="0.009"/>
  <system-out/>
  <testcase classname="PackageSuitAnnotation.TestCase2" name="m5" time="0.001"/>
  <system-out/>
</testsuite> <!-- PackageSuitAnnotation.TestCase2 -->
