<?xml version="1.0" encoding="UTF-8"?>
<!-- Generated by org.testng.reporters.JUnitReportReporter -->
<testsuite hostname="Mahadev" failures="0" tests="3" name="Introduction.NGBasic" time="0.012" errors="0" timestamp="2022-09-19T15:54:29 IST" skipped="0">
  <testcase classname="Introduction.NGBasic" name="openURL" time="0.010"/>
  <system-out/>
  <testcase classname="Introduction.NGBasic" name="login" time="0.001"/>
  <system-out/>
  <testcase classname="Introduction.NGBasic" name="logout" time="0.001"/>
  <system-out/>
</testsuite> <!-- Introduction.NGBasic -->
