<?xml version="1.0" encoding="UTF-8"?>
<!-- Generated by org.testng.reporters.JUnitReportReporter -->
<testsuite hostname="Mahadev" failures="0" tests="3" name="Introduction.BeforeAfterMethode" time="0.028" errors="0" timestamp="2022-09-20T14:13:34 IST" skipped="0">
  <testcase classname="Introduction.BeforeAfterMethode" name="profilepage" time="0.011"/>
  <system-out>
    <![CDATA[check the profile]]>
  </system-out>
  <testcase classname="Introduction.BeforeAfterMethode" name="homepage" time="0.005"/>
  <system-out>
    <![CDATA[check the homepage]]>
  </system-out>
  <testcase classname="Introduction.BeforeAfterMethode" name="notification" time="0.012"/>
  <system-out>
    <![CDATA[check the notification]]>
  </system-out>
</testsuite> <!-- Introduction.BeforeAfterMethode -->
